android/app/build/intermediates/manifest_merge_blame_file/release/manifest-merger-blame-release-report.txt
1<?xml version="1.0" encoding="utf-8"?>
2<manifest xmlns:android="http://schemas.android.com/apk/res/android"
3    package="com.zavalabsabsen"
4    android:versionCode="1"
5    android:versionName="1.0" >
6
7    <uses-sdk
8        android:minSdkVersion="21"
8-->src/main/AndroidManifest.xml
9        android:targetSdkVersion="30" />
9-->src/main/AndroidManifest.xml
10
11    <uses-permission android:name="android.permission.INTERNET" />
11-->src/main/AndroidManifest.xml:4:4-66
11-->src/main/AndroidManifest.xml:4:21-63
12    <uses-permission android:name="android.permission.READ_EXTERNAL_STORAGE" />
12-->src/main/AndroidManifest.xml:5:5-80
12-->src/main/AndroidManifest.xml:5:22-77
13    <uses-permission android:name="android.permission.WRITE_EXTERNAL_STORAGE" />
13-->src/main/AndroidManifest.xml:6:4-80
13-->src/main/AndroidManifest.xml:6:21-77
14    <uses-permission android:name="android.permission.DOWNLOAD_WITHOUT_NOTIFICATION" />
14-->src/main/AndroidManifest.xml:7:4-87
14-->src/main/AndroidManifest.xml:7:21-84
15    <uses-permission android:name="android.permission.ACCESS_NETWORK_STATE" />
15-->src/main/AndroidManifest.xml:8:4-78
15-->src/main/AndroidManifest.xml:8:21-75
16    <uses-permission android:name="android.permission.ACCESS_FINE_LOCATION" />
16-->src/main/AndroidManifest.xml:9:4-77
16-->src/main/AndroidManifest.xml:9:21-75
17    <uses-permission android:name="android.permission.WAKE_LOCK" />
17-->[:react-native-firebase_messaging] AndroidManifest.xml:10:5-68
17-->[:react-native-firebase_messaging] AndroidManifest.xml:10:22-65
18    <uses-permission android:name="android.permission.ACCESS_COARSE_LOCATION" />
18-->[:react-native-get-location] AndroidManifest.xml:9:5-81
18-->[:react-native-get-location] AndroidManifest.xml:9:22-78
19    <uses-permission android:name="com.google.android.finsky.permission.BIND_GET_INSTALL_REFERRER_SERVICE" /> <!-- Required by older versions of Google Play services to create IID tokens -->
19-->[com.google.android.gms:play-services-measurement:19.0.2] AndroidManifest.xml:26:5-110
19-->[com.google.android.gms:play-services-measurement:19.0.2] AndroidManifest.xml:26:22-107
20    <uses-permission android:name="com.google.android.c2dm.permission.RECEIVE" /> <!-- for android -->
20-->[com.google.firebase:firebase-messaging:23.0.0] AndroidManifest.xml:25:5-82
20-->[com.google.firebase:firebase-messaging:23.0.0] AndroidManifest.xml:25:22-79
21    <!-- <uses-permission android:name="com.android.launcher.permission.READ_SETTINGS"/> -->
22    <!-- <uses-permission android:name="com.android.launcher.permission.WRITE_SETTINGS"/> -->
23    <!-- <uses-permission android:name="com.android.launcher.permission.INSTALL_SHORTCUT" /> -->
24    <!-- <uses-permission android:name="com.android.launcher.permission.UNINSTALL_SHORTCUT" /> -->
25    <!-- for Samsung -->
26    <uses-permission android:name="com.sec.android.provider.badge.permission.READ" />
26-->[me.leolin:ShortcutBadger:1.1.22] AndroidManifest.xml:19:5-86
26-->[me.leolin:ShortcutBadger:1.1.22] AndroidManifest.xml:19:22-83
27    <uses-permission android:name="com.sec.android.provider.badge.permission.WRITE" /> <!-- for htc -->
27-->[me.leolin:ShortcutBadger:1.1.22] AndroidManifest.xml:20:5-87
27-->[me.leolin:ShortcutBadger:1.1.22] AndroidManifest.xml:20:22-84
28    <uses-permission android:name="com.htc.launcher.permission.READ_SETTINGS" />
28-->[me.leolin:ShortcutBadger:1.1.22] AndroidManifest.xml:23:5-81
28-->[me.leolin:ShortcutBadger:1.1.22] AndroidManifest.xml:23:22-78
29    <uses-permission android:name="com.htc.launcher.permission.UPDATE_SHORTCUT" /> <!-- for sony -->
29-->[me.leolin:ShortcutBadger:1.1.22] AndroidManifest.xml:24:5-83
29-->[me.leolin:ShortcutBadger:1.1.22] AndroidManifest.xml:24:22-80
30    <uses-permission android:name="com.sonyericsson.home.permission.BROADCAST_BADGE" />
30-->[me.leolin:ShortcutBadger:1.1.22] AndroidManifest.xml:27:5-88
30-->[me.leolin:ShortcutBadger:1.1.22] AndroidManifest.xml:27:22-85
31    <uses-permission android:name="com.sonymobile.home.permission.PROVIDER_INSERT_BADGE" /> <!-- for apex -->
31-->[me.leolin:ShortcutBadger:1.1.22] AndroidManifest.xml:28:5-92
31-->[me.leolin:ShortcutBadger:1.1.22] AndroidManifest.xml:28:22-89
32    <uses-permission android:name="com.anddoes.launcher.permission.UPDATE_COUNT" /> <!-- for solid -->
32-->[me.leolin:ShortcutBadger:1.1.22] AndroidManifest.xml:31:5-84
32-->[me.leolin:ShortcutBadger:1.1.22] AndroidManifest.xml:31:22-81
33    <uses-permission android:name="com.majeur.launcher.permission.UPDATE_BADGE" /> <!-- for huawei -->
33-->[me.leolin:ShortcutBadger:1.1.22] AndroidManifest.xml:34:5-83
33-->[me.leolin:ShortcutBadger:1.1.22] AndroidManifest.xml:34:22-80
34    <uses-permission android:name="com.huawei.android.launcher.permission.CHANGE_BADGE" />
34-->[me.leolin:ShortcutBadger:1.1.22] AndroidManifest.xml:37:5-91
34-->[me.leolin:ShortcutBadger:1.1.22] AndroidManifest.xml:37:22-88
35    <uses-permission android:name="com.huawei.android.launcher.permission.READ_SETTINGS" />
35-->[me.leolin:ShortcutBadger:1.1.22] AndroidManifest.xml:38:5-92
35-->[me.leolin:ShortcutBadger:1.1.22] AndroidManifest.xml:38:22-89
36    <uses-permission android:name="com.huawei.android.launcher.permission.WRITE_SETTINGS" /> <!-- for ZUK -->
36-->[me.leolin:ShortcutBadger:1.1.22] AndroidManifest.xml:39:5-93
36-->[me.leolin:ShortcutBadger:1.1.22] AndroidManifest.xml:39:22-90
37    <uses-permission android:name="android.permission.READ_APP_BADGE" /> <!-- for OPPO -->
37-->[me.leolin:ShortcutBadger:1.1.22] AndroidManifest.xml:42:5-73
37-->[me.leolin:ShortcutBadger:1.1.22] AndroidManifest.xml:42:22-70
38    <uses-permission android:name="com.oppo.launcher.permission.READ_SETTINGS" />
38-->[me.leolin:ShortcutBadger:1.1.22] AndroidManifest.xml:45:5-82
38-->[me.leolin:ShortcutBadger:1.1.22] AndroidManifest.xml:45:22-79
39    <uses-permission android:name="com.oppo.launcher.permission.WRITE_SETTINGS" /> <!-- for EvMe -->
39-->[me.leolin:ShortcutBadger:1.1.22] AndroidManifest.xml:46:5-83
39-->[me.leolin:ShortcutBadger:1.1.22] AndroidManifest.xml:46:22-80
40    <uses-permission android:name="me.everything.badger.permission.BADGE_COUNT_READ" />
40-->[me.leolin:ShortcutBadger:1.1.22] AndroidManifest.xml:49:5-88
40-->[me.leolin:ShortcutBadger:1.1.22] AndroidManifest.xml:49:22-85
41    <uses-permission android:name="me.everything.badger.permission.BADGE_COUNT_WRITE" />
41-->[me.leolin:ShortcutBadger:1.1.22] AndroidManifest.xml:50:5-89
41-->[me.leolin:ShortcutBadger:1.1.22] AndroidManifest.xml:50:22-86
42
43    <application
43-->src/main/AndroidManifest.xml:12:5-52:19
44        android:name="com.zavalabsabsen.MainApplication"
44-->src/main/AndroidManifest.xml:13:7-38
45        android:allowBackup="false"
45-->src/main/AndroidManifest.xml:17:7-34
46        android:appComponentFactory="androidx.core.app.CoreComponentFactory"
46-->[androidx.core:core:1.3.1] AndroidManifest.xml:24:18-86
47        android:icon="@mipmap/ic_launcher"
47-->src/main/AndroidManifest.xml:15:7-41
48        android:label="@string/app_name"
48-->src/main/AndroidManifest.xml:14:7-39
49        android:roundIcon="@mipmap/ic_launcher_round"
49-->src/main/AndroidManifest.xml:16:7-52
50        android:theme="@style/AppTheme" >
50-->src/main/AndroidManifest.xml:18:7-38
51
52        <!-- notifikasi -->
53
54
55        <!-- Change the value to true to enable pop-up for in foreground on receiving remote notifications (for prevent duplicating while showing local notifications set this to false) -->
56        <meta-data
56-->src/main/AndroidManifest.xml:24:9-25:44
57            android:name="com.dieam.reactnativepushnotification.notification_foreground"
57-->src/main/AndroidManifest.xml:24:21-97
58            android:value="false" />
58-->src/main/AndroidManifest.xml:25:21-42
59        <!-- Change the resource name to your App's accent color - or any other color you want -->
60        <meta-data
60-->src/main/AndroidManifest.xml:27:9-28:54
61            android:name="com.dieam.reactnativepushnotification.notification_color"
61-->src/main/AndroidManifest.xml:27:21-92
62            android:resource="@color/white" /> <!-- or @android:color/{name} to use a standard color -->
62-->src/main/AndroidManifest.xml:28:21-52
63
64        <receiver android:name="com.dieam.reactnativepushnotification.modules.RNPushNotificationActions" />
64-->src/main/AndroidManifest.xml:30:9-108
64-->src/main/AndroidManifest.xml:30:19-105
65        <receiver android:name="com.dieam.reactnativepushnotification.modules.RNPushNotificationPublisher" />
65-->src/main/AndroidManifest.xml:31:9-110
65-->src/main/AndroidManifest.xml:31:19-107
66        <receiver android:name="com.dieam.reactnativepushnotification.modules.RNPushNotificationBootEventReceiver" >
66-->src/main/AndroidManifest.xml:32:9-38:20
66-->src/main/AndroidManifest.xml:32:19-115
67            <intent-filter>
67-->src/main/AndroidManifest.xml:33:13-37:29
68                <action android:name="android.intent.action.BOOT_COMPLETED" />
68-->src/main/AndroidManifest.xml:34:17-79
68-->src/main/AndroidManifest.xml:34:25-76
69                <action android:name="android.intent.action.QUICKBOOT_POWERON" />
69-->src/main/AndroidManifest.xml:35:17-82
69-->src/main/AndroidManifest.xml:35:25-79
70                <action android:name="com.htc.intent.action.QUICKBOOT_POWERON" />
70-->src/main/AndroidManifest.xml:36:17-81
70-->src/main/AndroidManifest.xml:36:25-79
71            </intent-filter>
72        </receiver>
73
74        <activity
74-->src/main/AndroidManifest.xml:41:7-51:18
75            android:name="com.zavalabsabsen.MainActivity"
75-->src/main/AndroidManifest.xml:42:9-37
76            android:configChanges="keyboard|keyboardHidden|orientation|screenSize|uiMode"
76-->src/main/AndroidManifest.xml:44:9-86
77            android:label="@string/app_name"
77-->src/main/AndroidManifest.xml:43:9-41
78            android:launchMode="singleTask"
78-->src/main/AndroidManifest.xml:45:9-40
79            android:windowSoftInputMode="adjustResize" >
79-->src/main/AndroidManifest.xml:46:9-51
80            <intent-filter>
80-->src/main/AndroidManifest.xml:47:9-50:25
81                <action android:name="android.intent.action.MAIN" />
81-->src/main/AndroidManifest.xml:48:13-65
81-->src/main/AndroidManifest.xml:48:21-62
82
83                <category android:name="android.intent.category.LAUNCHER" />
83-->src/main/AndroidManifest.xml:49:13-73
83-->src/main/AndroidManifest.xml:49:23-70
84            </intent-filter>
85        </activity>
86
87        <service android:name="io.invertase.firebase.messaging.ReactNativeFirebaseMessagingHeadlessService" />
87-->[:react-native-firebase_messaging] AndroidManifest.xml:14:9-111
87-->[:react-native-firebase_messaging] AndroidManifest.xml:14:18-108
88        <service
88-->[:react-native-firebase_messaging] AndroidManifest.xml:15:9-21:19
89            android:name="io.invertase.firebase.messaging.ReactNativeFirebaseMessagingService"
89-->[:react-native-firebase_messaging] AndroidManifest.xml:16:13-95
90            android:exported="false" >
90-->[:react-native-firebase_messaging] AndroidManifest.xml:17:13-37
91            <intent-filter>
91-->[:react-native-firebase_messaging] AndroidManifest.xml:18:13-20:29
92                <action android:name="com.google.firebase.MESSAGING_EVENT" />
92-->[:react-native-firebase_messaging] AndroidManifest.xml:19:17-78
92-->[:react-native-firebase_messaging] AndroidManifest.xml:19:25-75
93            </intent-filter>
94        </service>
95
96        <receiver
96-->[:react-native-firebase_messaging] AndroidManifest.xml:23:9-30:20
97            android:name="io.invertase.firebase.messaging.ReactNativeFirebaseMessagingReceiver"
97-->[:react-native-firebase_messaging] AndroidManifest.xml:24:13-96
98            android:exported="true"
98-->[:react-native-firebase_messaging] AndroidManifest.xml:25:13-36
99            android:permission="com.google.android.c2dm.permission.SEND" >
99-->[:react-native-firebase_messaging] AndroidManifest.xml:26:13-73
100            <intent-filter>
100-->[:react-native-firebase_messaging] AndroidManifest.xml:27:13-29:29
101                <action android:name="com.google.android.c2dm.intent.RECEIVE" />
101-->[:react-native-firebase_messaging] AndroidManifest.xml:28:17-81
101-->[:react-native-firebase_messaging] AndroidManifest.xml:28:25-78
102            </intent-filter>
103        </receiver>
104
105        <meta-data
105-->[:react-native-firebase_messaging] AndroidManifest.xml:32:9-34:36
106            android:name="firebase_messaging_auto_init_enabled"
106-->[:react-native-firebase_messaging] AndroidManifest.xml:33:13-64
107            android:value="true" />
107-->[:react-native-firebase_messaging] AndroidManifest.xml:34:13-33
108        <meta-data
108-->[:react-native-firebase_messaging] AndroidManifest.xml:35:9-37:32
109            android:name="com.google.firebase.messaging.default_notification_channel_id"
109-->[:react-native-firebase_messaging] AndroidManifest.xml:36:13-89
110            android:value="" />
110-->[:react-native-firebase_messaging] AndroidManifest.xml:37:13-29
111        <meta-data
111-->[:react-native-firebase_messaging] AndroidManifest.xml:38:9-40:47
112            android:name="com.google.firebase.messaging.default_notification_color"
112-->[:react-native-firebase_messaging] AndroidManifest.xml:39:13-84
113            android:resource="@color/white" />
113-->[:react-native-firebase_messaging] AndroidManifest.xml:40:13-44
114        <meta-data
114-->[:react-native-firebase_app] AndroidManifest.xml:10:9-12:36
115            android:name="app_data_collection_default_enabled"
115-->[:react-native-firebase_app] AndroidManifest.xml:11:13-63
116            android:value="true" />
116-->[:react-native-firebase_app] AndroidManifest.xml:12:13-33
117
118        <service
118-->[:react-native-firebase_app] AndroidManifest.xml:14:9-18:19
119            android:name="com.google.firebase.components.ComponentDiscoveryService"
119-->[:react-native-firebase_app] AndroidManifest.xml:14:18-89
120            android:directBootAware="true"
120-->[com.google.firebase:firebase-common:20.0.0] AndroidManifest.xml:35:13-43
121            android:exported="false" >
121-->[com.google.android.gms:play-services-measurement-api:19.0.2] AndroidManifest.xml:29:13-37
122            <meta-data
122-->[:react-native-firebase_app] AndroidManifest.xml:15:13-17:85
123                android:name="com.google.firebase.components:io.invertase.firebase.app.ReactNativeFirebaseAppRegistrar"
123-->[:react-native-firebase_app] AndroidManifest.xml:16:17-120
124                android:value="com.google.firebase.components.ComponentRegistrar" />
124-->[:react-native-firebase_app] AndroidManifest.xml:17:17-82
125            <meta-data
125-->[com.google.android.gms:play-services-measurement-api:19.0.2] AndroidManifest.xml:30:13-32:85
126                android:name="com.google.firebase.components:com.google.firebase.analytics.connector.internal.AnalyticsConnectorRegistrar"
126-->[com.google.android.gms:play-services-measurement-api:19.0.2] AndroidManifest.xml:31:17-139
127                android:value="com.google.firebase.components.ComponentRegistrar" />
127-->[com.google.android.gms:play-services-measurement-api:19.0.2] AndroidManifest.xml:32:17-82
128            <meta-data
128-->[com.google.firebase:firebase-messaging:23.0.0] AndroidManifest.xml:52:13-54:85
129                android:name="com.google.firebase.components:com.google.firebase.messaging.FirebaseMessagingRegistrar"
129-->[com.google.firebase:firebase-messaging:23.0.0] AndroidManifest.xml:53:17-119
130                android:value="com.google.firebase.components.ComponentRegistrar" />
130-->[com.google.firebase:firebase-messaging:23.0.0] AndroidManifest.xml:54:17-82
131            <meta-data
131-->[com.google.firebase:firebase-datatransport:18.0.0] AndroidManifest.xml:28:13-30:85
132                android:name="com.google.firebase.components:com.google.firebase.datatransport.TransportRegistrar"
132-->[com.google.firebase:firebase-datatransport:18.0.0] AndroidManifest.xml:29:17-115
133                android:value="com.google.firebase.components.ComponentRegistrar" />
133-->[com.google.firebase:firebase-datatransport:18.0.0] AndroidManifest.xml:30:17-82
134            <meta-data
134-->[com.google.firebase:firebase-installations:17.0.0] AndroidManifest.xml:18:13-20:85
135                android:name="com.google.firebase.components:com.google.firebase.installations.FirebaseInstallationsRegistrar"
135-->[com.google.firebase:firebase-installations:17.0.0] AndroidManifest.xml:19:17-127
136                android:value="com.google.firebase.components.ComponentRegistrar" />
136-->[com.google.firebase:firebase-installations:17.0.0] AndroidManifest.xml:20:17-82
137        </service>
138
139        <provider
139-->[:react-native-firebase_app] AndroidManifest.xml:20:9-24:38
140            android:name="io.invertase.firebase.app.ReactNativeFirebaseAppInitProvider"
140-->[:react-native-firebase_app] AndroidManifest.xml:21:13-88
141            android:authorities="com.zavalabsabsen.reactnativefirebaseappinitprovider"
141-->[:react-native-firebase_app] AndroidManifest.xml:22:13-86
142            android:exported="false"
142-->[:react-native-firebase_app] AndroidManifest.xml:23:13-37
143            android:initOrder="99" />
143-->[:react-native-firebase_app] AndroidManifest.xml:24:13-35
144        <provider
144-->[:react-native-image-picker] AndroidManifest.xml:10:9-18:20
145            android:name="com.imagepicker.ImagePickerProvider"
145-->[:react-native-image-picker] AndroidManifest.xml:11:13-63
146            android:authorities="com.zavalabsabsen.imagepickerprovider"
146-->[:react-native-image-picker] AndroidManifest.xml:12:13-71
147            android:exported="false"
147-->[:react-native-image-picker] AndroidManifest.xml:13:13-37
148            android:grantUriPermissions="true" >
148-->[:react-native-image-picker] AndroidManifest.xml:14:13-47
149            <meta-data
149-->[:react-native-image-picker] AndroidManifest.xml:15:13-17:70
150                android:name="android.support.FILE_PROVIDER_PATHS"
150-->[:react-native-image-picker] AndroidManifest.xml:16:17-67
151                android:resource="@xml/imagepicker_provider_paths" />
151-->[:react-native-image-picker] AndroidManifest.xml:17:17-67
152        </provider>
153        <provider
153-->[:react-native-webview] AndroidManifest.xml:10:9-18:20
154            android:name="com.reactnativecommunity.webview.RNCWebViewFileProvider"
154-->[:react-native-webview] AndroidManifest.xml:11:13-83
155            android:authorities="com.zavalabsabsen.fileprovider"
155-->[:react-native-webview] AndroidManifest.xml:12:13-64
156            android:exported="false"
156-->[:react-native-webview] AndroidManifest.xml:13:13-37
157            android:grantUriPermissions="true" >
157-->[:react-native-webview] AndroidManifest.xml:14:13-47
158            <meta-data
158-->[:react-native-image-picker] AndroidManifest.xml:15:13-17:70
159                android:name="android.support.FILE_PROVIDER_PATHS"
159-->[:react-native-image-picker] AndroidManifest.xml:16:17-67
160                android:resource="@xml/file_provider_paths" />
160-->[:react-native-image-picker] AndroidManifest.xml:17:17-67
161        </provider>
162
163        <receiver
163-->[com.google.android.gms:play-services-measurement:19.0.2] AndroidManifest.xml:29:9-33:20
164            android:name="com.google.android.gms.measurement.AppMeasurementReceiver"
164-->[com.google.android.gms:play-services-measurement:19.0.2] AndroidManifest.xml:30:13-85
165            android:enabled="true"
165-->[com.google.android.gms:play-services-measurement:19.0.2] AndroidManifest.xml:31:13-35
166            android:exported="false" >
166-->[com.google.android.gms:play-services-measurement:19.0.2] AndroidManifest.xml:32:13-37
167        </receiver>
168
169        <service
169-->[com.google.android.gms:play-services-measurement:19.0.2] AndroidManifest.xml:35:9-38:40
170            android:name="com.google.android.gms.measurement.AppMeasurementService"
170-->[com.google.android.gms:play-services-measurement:19.0.2] AndroidManifest.xml:36:13-84
171            android:enabled="true"
171-->[com.google.android.gms:play-services-measurement:19.0.2] AndroidManifest.xml:37:13-35
172            android:exported="false" />
172-->[com.google.android.gms:play-services-measurement:19.0.2] AndroidManifest.xml:38:13-37
173        <service
173-->[com.google.android.gms:play-services-measurement:19.0.2] AndroidManifest.xml:39:9-43:72
174            android:name="com.google.android.gms.measurement.AppMeasurementJobService"
174-->[com.google.android.gms:play-services-measurement:19.0.2] AndroidManifest.xml:40:13-87
175            android:enabled="true"
175-->[com.google.android.gms:play-services-measurement:19.0.2] AndroidManifest.xml:41:13-35
176            android:exported="false"
176-->[com.google.android.gms:play-services-measurement:19.0.2] AndroidManifest.xml:42:13-37
177            android:permission="android.permission.BIND_JOB_SERVICE" />
177-->[com.google.android.gms:play-services-measurement:19.0.2] AndroidManifest.xml:43:13-69
178
179        <receiver
179-->[com.google.firebase:firebase-messaging:23.0.0] AndroidManifest.xml:28:9-35:20
180            android:name="com.google.firebase.iid.FirebaseInstanceIdReceiver"
180-->[com.google.firebase:firebase-messaging:23.0.0] AndroidManifest.xml:29:13-78
181            android:exported="true"
181-->[com.google.firebase:firebase-messaging:23.0.0] AndroidManifest.xml:30:13-36
182            android:permission="com.google.android.c2dm.permission.SEND" >
182-->[com.google.firebase:firebase-messaging:23.0.0] AndroidManifest.xml:31:13-73
183            <intent-filter>
183-->[:react-native-firebase_messaging] AndroidManifest.xml:27:13-29:29
184                <action android:name="com.google.android.c2dm.intent.RECEIVE" />
184-->[:react-native-firebase_messaging] AndroidManifest.xml:28:17-81
184-->[:react-native-firebase_messaging] AndroidManifest.xml:28:25-78
185            </intent-filter>
186        </receiver>
187        <!--
188             FirebaseMessagingService performs security checks at runtime,
189             but set to not exported to explicitly avoid allowing another app to call it.
190        -->
191        <service
191-->[com.google.firebase:firebase-messaging:23.0.0] AndroidManifest.xml:41:9-48:19
192            android:name="com.google.firebase.messaging.FirebaseMessagingService"
192-->[com.google.firebase:firebase-messaging:23.0.0] AndroidManifest.xml:42:13-82
193            android:directBootAware="true"
193-->[com.google.firebase:firebase-messaging:23.0.0] AndroidManifest.xml:43:13-43
194            android:exported="false" >
194-->[com.google.firebase:firebase-messaging:23.0.0] AndroidManifest.xml:44:13-37
195            <intent-filter android:priority="-500" >
195-->[:react-native-firebase_messaging] AndroidManifest.xml:18:13-20:29
196                <action android:name="com.google.firebase.MESSAGING_EVENT" />
196-->[:react-native-firebase_messaging] AndroidManifest.xml:19:17-78
196-->[:react-native-firebase_messaging] AndroidManifest.xml:19:25-75
197            </intent-filter>
198        </service>
199        <service
199-->[com.google.android.datatransport:transport-backend-cct:3.0.0] AndroidManifest.xml:29:9-35:19
200            android:name="com.google.android.datatransport.runtime.backends.TransportBackendDiscovery"
200-->[com.google.android.datatransport:transport-backend-cct:3.0.0] AndroidManifest.xml:30:13-103
201            android:exported="false" >
201-->[com.google.android.datatransport:transport-backend-cct:3.0.0] AndroidManifest.xml:31:13-37
202            <meta-data
202-->[com.google.android.datatransport:transport-backend-cct:3.0.0] AndroidManifest.xml:32:13-34:39
203                android:name="backend:com.google.android.datatransport.cct.CctBackendFactory"
203-->[com.google.android.datatransport:transport-backend-cct:3.0.0] AndroidManifest.xml:33:17-94
204                android:value="cct" />
204-->[com.google.android.datatransport:transport-backend-cct:3.0.0] AndroidManifest.xml:34:17-36
205        </service>
206        <service
206-->[com.google.android.datatransport:transport-runtime:3.0.0] AndroidManifest.xml:26:9-30:19
207            android:name="com.google.android.datatransport.runtime.scheduling.jobscheduling.JobInfoSchedulerService"
207-->[com.google.android.datatransport:transport-runtime:3.0.0] AndroidManifest.xml:27:13-117
208            android:exported="false"
208-->[com.google.android.datatransport:transport-runtime:3.0.0] AndroidManifest.xml:28:13-37
209            android:permission="android.permission.BIND_JOB_SERVICE" >
209-->[com.google.android.datatransport:transport-runtime:3.0.0] AndroidManifest.xml:29:13-69
210        </service>
211
212        <receiver
212-->[com.google.android.datatransport:transport-runtime:3.0.0] AndroidManifest.xml:32:9-34:40
213            android:name="com.google.android.datatransport.runtime.scheduling.jobscheduling.AlarmManagerSchedulerBroadcastReceiver"
213-->[com.google.android.datatransport:transport-runtime:3.0.0] AndroidManifest.xml:33:13-132
214            android:exported="false" />
214-->[com.google.android.datatransport:transport-runtime:3.0.0] AndroidManifest.xml:34:13-37
215
216        <meta-data
216-->[com.github.bumptech.glide:okhttp3-integration:4.12.0] AndroidManifest.xml:11:9-13:43
217            android:name="com.bumptech.glide.integration.okhttp3.OkHttpGlideModule"
217-->[com.github.bumptech.glide:okhttp3-integration:4.12.0] AndroidManifest.xml:12:13-84
218            android:value="GlideModule" />
218-->[com.github.bumptech.glide:okhttp3-integration:4.12.0] AndroidManifest.xml:13:13-40
219
220        <activity
220-->[com.google.android.gms:play-services-auth:19.2.0] AndroidManifest.xml:23:9-27:75
221            android:name="com.google.android.gms.auth.api.signin.internal.SignInHubActivity"
221-->[com.google.android.gms:play-services-auth:19.2.0] AndroidManifest.xml:24:13-93
222            android:excludeFromRecents="true"
222-->[com.google.android.gms:play-services-auth:19.2.0] AndroidManifest.xml:25:13-46
223            android:exported="false"
223-->[com.google.android.gms:play-services-auth:19.2.0] AndroidManifest.xml:26:13-37
224            android:theme="@android:style/Theme.Translucent.NoTitleBar" />
224-->[com.google.android.gms:play-services-auth:19.2.0] AndroidManifest.xml:27:13-72
225        <!--
226            Service handling Google Sign-In user revocation. For apps that do not integrate with
227            Google Sign-In, this service will never be started.
228        -->
229        <service
229-->[com.google.android.gms:play-services-auth:19.2.0] AndroidManifest.xml:33:9-37:51
230            android:name="com.google.android.gms.auth.api.signin.RevocationBoundService"
230-->[com.google.android.gms:play-services-auth:19.2.0] AndroidManifest.xml:34:13-89
231            android:exported="true"
231-->[com.google.android.gms:play-services-auth:19.2.0] AndroidManifest.xml:35:13-36
232            android:permission="com.google.android.gms.auth.api.signin.permission.REVOCATION_NOTIFICATION"
232-->[com.google.android.gms:play-services-auth:19.2.0] AndroidManifest.xml:36:13-107
233            android:visibleToInstantApps="true" />
233-->[com.google.android.gms:play-services-auth:19.2.0] AndroidManifest.xml:37:13-48
234
235        <activity
235-->[com.google.android.gms:play-services-base:17.5.0] AndroidManifest.xml:23:9-26:75
236            android:name="com.google.android.gms.common.api.GoogleApiActivity"
236-->[com.google.android.gms:play-services-base:17.5.0] AndroidManifest.xml:24:13-79
237            android:exported="false"
237-->[com.google.android.gms:play-services-base:17.5.0] AndroidManifest.xml:25:13-37
238            android:theme="@android:style/Theme.Translucent.NoTitleBar" />
238-->[com.google.android.gms:play-services-base:17.5.0] AndroidManifest.xml:26:13-72
239
240        <provider
240-->[com.google.firebase:firebase-common:20.0.0] AndroidManifest.xml:26:9-31:39
241            android:name="com.google.firebase.provider.FirebaseInitProvider"
241-->[com.google.firebase:firebase-common:20.0.0] AndroidManifest.xml:27:13-77
242            android:authorities="com.zavalabsabsen.firebaseinitprovider"
242-->[com.google.firebase:firebase-common:20.0.0] AndroidManifest.xml:28:13-72
243            android:directBootAware="true"
243-->[com.google.firebase:firebase-common:20.0.0] AndroidManifest.xml:29:13-43
244            android:exported="false"
244-->[com.google.firebase:firebase-common:20.0.0] AndroidManifest.xml:30:13-37
245            android:initOrder="100" />
245-->[com.google.firebase:firebase-common:20.0.0] AndroidManifest.xml:31:13-36
246
247        <meta-data
247-->[com.google.android.gms:play-services-basement:17.5.0] AndroidManifest.xml:23:9-25:69
248            android:name="com.google.android.gms.version"
248-->[com.google.android.gms:play-services-basement:17.5.0] AndroidManifest.xml:24:13-58
249            android:value="@integer/google_play_services_version" />
249-->[com.google.android.gms:play-services-basement:17.5.0] AndroidManifest.xml:25:13-66
250    </application>
251
252</manifest>